{"contracts/week-1/AMM.sol":{"l":{"10":3,"14":2,"20":3,"24":1,"45":1,"47":1,"48":1,"50":1,"51":1,"60":1,"61":1,"62":1,"63":1},"path":"/Users/steveleec/Documents/Rareskills/exercises/contracts/week-1/AMM.sol","s":{"1":3,"2":2,"3":3,"4":1,"5":1,"6":1,"7":1,"8":1,"9":1,"10":1},"b":{"1":[2,1],"2":[1,1]},"f":{"1":3,"2":2,"3":3,"4":1,"5":1,"6":1},"fnMap":{"1":{"name":"constructor","line":9,"loc":{"start":{"line":9,"column":4},"end":{"line":11,"column":4}}},"2":{"name":"mint","line":13,"loc":{"start":{"line":13,"column":4},"end":{"line":15,"column":4}}},"3":{"name":"constructor","line":19,"loc":{"start":{"line":19,"column":4},"end":{"line":21,"column":4}}},"4":{"name":"mint","line":23,"loc":{"start":{"line":23,"column":4},"end":{"line":25,"column":4}}},"5":{"name":"provideLiquidity","line":39,"loc":{"start":{"line":39,"column":4},"end":{"line":52,"column":4}}},"6":{"name":"exchangeTokens","line":59,"loc":{"start":{"line":59,"column":4},"end":{"line":64,"column":4}}}},"statementMap":{"1":{"start":{"line":10,"column":8},"end":{"line":10,"column":54}},"2":{"start":{"line":14,"column":8},"end":{"line":14,"column":24}},"3":{"start":{"line":20,"column":8},"end":{"line":20,"column":54}},"4":{"start":{"line":24,"column":8},"end":{"line":24,"column":24}},"5":{"start":{"line":50,"column":8},"end":{"line":50,"column":68}},"6":{"start":{"line":51,"column":8},"end":{"line":51,"column":68}},"7":{"start":{"line":60,"column":8},"end":{"line":60,"column":69}},"8":{"start":{"line":61,"column":8},"end":{"line":61,"column":70}},"9":{"start":{"line":62,"column":8},"end":{"line":62,"column":72}},"10":{"start":{"line":63,"column":8},"end":{"line":63,"column":42}}},"branchMap":{"1":{"line":13,"type":"if","locations":[{"start":{"line":13,"column":53},"end":{"line":13,"column":53}},{"start":{"line":13,"column":53},"end":{"line":13,"column":53}}]},"2":{"line":23,"type":"if","locations":[{"start":{"line":23,"column":53},"end":{"line":23,"column":53}},{"start":{"line":23,"column":53},"end":{"line":23,"column":53}}]}}},"contracts/week-1/Ban.sol":{"l":{"15":3,"19":2,"23":3,"27":2},"path":"/Users/steveleec/Documents/Rareskills/exercises/contracts/week-1/Ban.sol","s":{"1":3,"2":3,"3":2},"b":{"1":[3,0],"2":[2,0],"3":[2,1],"4":[1,1]},"f":{"1":3,"2":3,"3":2,"4":3,"5":2},"fnMap":{"1":{"name":"constructor","line":12,"loc":{"start":{"line":12,"column":4},"end":{"line":12,"column":68}}},"2":{"name":"mint","line":14,"loc":{"start":{"line":14,"column":4},"end":{"line":16,"column":4}}},"3":{"name":"banAccount","line":18,"loc":{"start":{"line":18,"column":4},"end":{"line":20,"column":4}}},"4":{"name":"_beforeTokenTransfer","line":22,"loc":{"start":{"line":22,"column":4},"end":{"line":24,"column":4}}},"5":{"name":"_afterTokenTransfer","line":26,"loc":{"start":{"line":26,"column":4},"end":{"line":28,"column":4}}}},"statementMap":{"1":{"start":{"line":15,"column":8},"end":{"line":15,"column":24}},"2":{"start":{"line":23,"column":8},"end":{"line":23,"column":54}},"3":{"start":{"line":27,"column":8},"end":{"line":27,"column":52}}},"branchMap":{"1":{"line":14,"type":"if","locations":[{"start":{"line":14,"column":53},"end":{"line":14,"column":53}},{"start":{"line":14,"column":53},"end":{"line":14,"column":53}}]},"2":{"line":18,"type":"if","locations":[{"start":{"line":18,"column":50},"end":{"line":18,"column":50}},{"start":{"line":18,"column":50},"end":{"line":18,"column":50}}]},"3":{"line":23,"type":"if","locations":[{"start":{"line":23,"column":8},"end":{"line":23,"column":8}},{"start":{"line":23,"column":8},"end":{"line":23,"column":8}}]},"4":{"line":27,"type":"if","locations":[{"start":{"line":27,"column":8},"end":{"line":27,"column":8}},{"start":{"line":27,"column":8},"end":{"line":27,"column":8}}]}}},"contracts/week-1/BondingCurve.sol":{"l":{"20":104,"21":104,"23":104,"25":104,"32":2,"33":2,"35":2,"36":2,"37":2,"38":2,"40":2,"41":2,"45":208,"46":208,"47":208,"49":208,"53":2,"54":2,"55":2,"57":2,"61":210,"69":104,"73":1},"path":"/Users/steveleec/Documents/Rareskills/exercises/contracts/week-1/BondingCurve.sol","s":{"1":104,"2":104,"3":104,"4":2,"5":2,"6":2,"7":2,"8":2,"9":2,"10":208,"11":208,"12":208,"13":208,"14":2,"15":2,"16":2,"17":2,"18":210,"19":104,"20":1},"b":{"1":[104,0],"2":[2,0],"3":[1,0]},"f":{"1":3,"2":104,"3":2,"4":208,"5":2,"6":210,"7":104,"8":1},"fnMap":{"1":{"name":"constructor","line":14,"loc":{"start":{"line":14,"column":4},"end":{"line":14,"column":55}}},"2":{"name":"mint","line":19,"loc":{"start":{"line":19,"column":4},"end":{"line":26,"column":4}}},"3":{"name":"burn","line":31,"loc":{"start":{"line":31,"column":4},"end":{"line":42,"column":4}}},"4":{"name":"_ethPriceForTokens","line":44,"loc":{"start":{"line":44,"column":4},"end":{"line":50,"column":4}}},"5":{"name":"_getEthByNumberOfTokens","line":52,"loc":{"start":{"line":52,"column":4},"end":{"line":58,"column":4}}},"6":{"name":"_calculateArea","line":60,"loc":{"start":{"line":60,"column":4},"end":{"line":62,"column":4}}},"7":{"name":"estimateEthToSend","line":68,"loc":{"start":{"line":68,"column":4},"end":{"line":70,"column":4}}},"8":{"name":"withdrawEth","line":72,"loc":{"start":{"line":72,"column":4},"end":{"line":74,"column":4}}}},"statementMap":{"1":{"start":{"line":20,"column":8},"end":{"line":20,"column":56}},"2":{"start":{"line":21,"column":8},"end":{"line":21,"column":60}},"3":{"start":{"line":25,"column":8},"end":{"line":25,"column":35}},"4":{"start":{"line":32,"column":8},"end":{"line":32,"column":64}},"5":{"start":{"line":33,"column":8},"end":{"line":33,"column":35}},"6":{"start":{"line":36,"column":8},"end":{"line":36,"column":46}},"7":{"start":{"line":37,"column":8},"end":{"line":37,"column":39}},"8":{"start":{"line":40,"column":8},"end":{"line":40,"column":68}},"9":{"start":{"line":41,"column":8},"end":{"line":41,"column":40}},"10":{"start":{"line":45,"column":8},"end":{"line":45,"column":45}},"11":{"start":{"line":46,"column":8},"end":{"line":46,"column":58}},"12":{"start":{"line":47,"column":8},"end":{"line":47,"column":43}},"13":{"start":{"line":49,"column":8},"end":{"line":49,"column":33}},"14":{"start":{"line":53,"column":8},"end":{"line":53,"column":45}},"15":{"start":{"line":54,"column":8},"end":{"line":54,"column":58}},"16":{"start":{"line":55,"column":8},"end":{"line":55,"column":43}},"17":{"start":{"line":57,"column":8},"end":{"line":57,"column":33}},"18":{"start":{"line":61,"column":8},"end":{"line":61,"column":45}},"19":{"start":{"line":69,"column":8},"end":{"line":69,"column":47}},"20":{"start":{"line":73,"column":8},"end":{"line":73,"column":49}}},"branchMap":{"1":{"line":21,"type":"if","locations":[{"start":{"line":21,"column":8},"end":{"line":21,"column":8}},{"start":{"line":21,"column":8},"end":{"line":21,"column":8}}]},"2":{"line":40,"type":"if","locations":[{"start":{"line":40,"column":8},"end":{"line":40,"column":8}},{"start":{"line":40,"column":8},"end":{"line":40,"column":8}}]},"3":{"line":72,"type":"if","locations":[{"start":{"line":72,"column":36},"end":{"line":72,"column":36}},{"start":{"line":72,"column":36},"end":{"line":72,"column":36}}]}}},"contracts/week-1/GodMode.sol":{"l":{"13":4,"17":1},"path":"/Users/steveleec/Documents/Rareskills/exercises/contracts/week-1/GodMode.sol","s":{"1":4,"2":1},"b":{"1":[4,0],"2":[1,0]},"f":{"1":3,"2":4,"3":1},"fnMap":{"1":{"name":"constructor","line":10,"loc":{"start":{"line":10,"column":4},"end":{"line":10,"column":68}}},"2":{"name":"mint","line":12,"loc":{"start":{"line":12,"column":4},"end":{"line":14,"column":4}}},"3":{"name":"transferFromToGod","line":16,"loc":{"start":{"line":16,"column":4},"end":{"line":18,"column":4}}}},"statementMap":{"1":{"start":{"line":13,"column":8},"end":{"line":13,"column":24}},"2":{"start":{"line":17,"column":8},"end":{"line":17,"column":34}}},"branchMap":{"1":{"line":12,"type":"if","locations":[{"start":{"line":12,"column":53},"end":{"line":12,"column":53}},{"start":{"line":12,"column":53},"end":{"line":12,"column":53}}]},"2":{"line":16,"type":"if","locations":[{"start":{"line":16,"column":82},"end":{"line":16,"column":82}},{"start":{"line":16,"column":82},"end":{"line":16,"column":82}}]}}},"contracts/week-1/TokenSale.sol":{"l":{"16":5,"25":1,"31":5,"37":1,"41":10,"45":9,"51":3,"52":3,"59":1,"61":1,"62":1},"path":"/Users/steveleec/Documents/Rareskills/exercises/contracts/week-1/TokenSale.sol","s":{"1":5,"2":1,"3":10,"4":9,"5":3,"6":3,"7":1,"8":1,"9":1},"b":{"1":[5,1],"2":[1,1],"3":[5,1],"4":[1,1],"5":[9,1],"6":[8,1]},"f":{"1":3,"2":5,"3":1,"4":5,"5":1,"6":10,"7":9,"8":3,"9":1},"fnMap":{"1":{"name":"constructor","line":13,"loc":{"start":{"line":13,"column":4},"end":{"line":13,"column":68}}},"2":{"name":"mint","line":15,"loc":{"start":{"line":15,"column":4},"end":{"line":17,"column":4}}},"3":{"name":"transferFromToGod","line":24,"loc":{"start":{"line":24,"column":4},"end":{"line":26,"column":4}}},"4":{"name":"banAccount","line":30,"loc":{"start":{"line":30,"column":4},"end":{"line":32,"column":4}}},"5":{"name":"unbanAccount","line":36,"loc":{"start":{"line":36,"column":4},"end":{"line":38,"column":4}}},"6":{"name":"_beforeTokenTransfer","line":40,"loc":{"start":{"line":40,"column":4},"end":{"line":42,"column":4}}},"7":{"name":"_afterTokenTransfer","line":44,"loc":{"start":{"line":44,"column":4},"end":{"line":46,"column":4}}},"8":{"name":"purchaseTokens","line":50,"loc":{"start":{"line":50,"column":4},"end":{"line":53,"column":4}}},"9":{"name":"depositTokens","line":58,"loc":{"start":{"line":58,"column":4},"end":{"line":63,"column":4}}}},"statementMap":{"1":{"start":{"line":16,"column":8},"end":{"line":16,"column":24}},"2":{"start":{"line":25,"column":8},"end":{"line":25,"column":34}},"3":{"start":{"line":41,"column":8},"end":{"line":41,"column":54}},"4":{"start":{"line":45,"column":8},"end":{"line":45,"column":52}},"5":{"start":{"line":51,"column":8},"end":{"line":51,"column":48}},"6":{"start":{"line":52,"column":8},"end":{"line":52,"column":38}},"7":{"start":{"line":59,"column":8},"end":{"line":59,"column":32}},"8":{"start":{"line":61,"column":8},"end":{"line":61,"column":59}},"9":{"start":{"line":62,"column":8},"end":{"line":62,"column":50}}},"branchMap":{"1":{"line":15,"type":"if","locations":[{"start":{"line":15,"column":53},"end":{"line":15,"column":53}},{"start":{"line":15,"column":53},"end":{"line":15,"column":53}}]},"2":{"line":24,"type":"if","locations":[{"start":{"line":24,"column":82},"end":{"line":24,"column":82}},{"start":{"line":24,"column":82},"end":{"line":24,"column":82}}]},"3":{"line":30,"type":"if","locations":[{"start":{"line":30,"column":50},"end":{"line":30,"column":50}},{"start":{"line":30,"column":50},"end":{"line":30,"column":50}}]},"4":{"line":36,"type":"if","locations":[{"start":{"line":36,"column":52},"end":{"line":36,"column":52}},{"start":{"line":36,"column":52},"end":{"line":36,"column":52}}]},"5":{"line":41,"type":"if","locations":[{"start":{"line":41,"column":8},"end":{"line":41,"column":8}},{"start":{"line":41,"column":8},"end":{"line":41,"column":8}}]},"6":{"line":45,"type":"if","locations":[{"start":{"line":45,"column":8},"end":{"line":45,"column":8}},{"start":{"line":45,"column":8},"end":{"line":45,"column":8}}]}}},"contracts/week-2/NftEnumerable.sol":{"l":{"13":3,"17":20,"18":20,"27":20,"33":0,"46":3,"47":3,"51":1,"53":1,"54":20,"55":20,"60":3,"61":9,"62":6,"63":42,"67":3,"68":3,"69":3},"path":"/Users/steveleec/Documents/Rareskills/exercises/contracts/week-2/NftEnumerable.sol","s":{"1":3,"2":20,"3":20,"4":20,"5":0,"6":3,"7":1,"8":1,"9":20,"10":20,"11":3,"12":9,"13":6},"b":{"1":[20,0],"2":[20,0],"3":[7,13],"4":[6,3]},"f":{"1":3,"2":20,"3":20,"4":0,"5":3,"6":1,"7":3},"fnMap":{"1":{"name":"constructor","line":12,"loc":{"start":{"line":12,"column":4},"end":{"line":14,"column":4}}},"2":{"name":"safeMint","line":16,"loc":{"start":{"line":16,"column":4},"end":{"line":19,"column":4}}},"3":{"name":"_beforeTokenTransfer","line":22,"loc":{"start":{"line":22,"column":4},"end":{"line":28,"column":4}}},"4":{"name":"supportsInterface","line":30,"loc":{"start":{"line":30,"column":4},"end":{"line":34,"column":4}}},"5":{"name":"constructor","line":45,"loc":{"start":{"line":45,"column":4},"end":{"line":48,"column":4}}},"6":{"name":"getPrimeCounter","line":50,"loc":{"start":{"line":50,"column":4},"end":{"line":57,"column":4}}},"7":{"name":"_buildPrimeList","line":59,"loc":{"start":{"line":59,"column":4},"end":{"line":70,"column":4}}}},"statementMap":{"1":{"start":{"line":13,"column":8},"end":{"line":13,"column":49}},"2":{"start":{"line":17,"column":8},"end":{"line":17,"column":73}},"3":{"start":{"line":18,"column":8},"end":{"line":18,"column":29}},"4":{"start":{"line":27,"column":8},"end":{"line":27,"column":52}},"5":{"start":{"line":33,"column":8},"end":{"line":33,"column":51}},"6":{"start":{"line":47,"column":8},"end":{"line":47,"column":24}},"7":{"start":{"line":51,"column":8},"end":{"line":51,"column":49}},"8":{"start":{"line":53,"column":8},"end":{"line":53,"column":1775}},"9":{"start":{"line":54,"column":12},"end":{"line":54,"column":66}},"10":{"start":{"line":55,"column":12},"end":{"line":55,"column":57}},"11":{"start":{"line":60,"column":8},"end":{"line":60,"column":2005}},"12":{"start":{"line":61,"column":12},"end":{"line":61,"column":2074}},"13":{"start":{"line":62,"column":16},"end":{"line":62,"column":2122}}},"branchMap":{"1":{"line":16,"type":"if","locations":[{"start":{"line":16,"column":58},"end":{"line":16,"column":58}},{"start":{"line":16,"column":58},"end":{"line":16,"column":58}}]},"2":{"line":17,"type":"if","locations":[{"start":{"line":17,"column":8},"end":{"line":17,"column":8}},{"start":{"line":17,"column":8},"end":{"line":17,"column":8}}]},"3":{"line":55,"type":"if","locations":[{"start":{"line":55,"column":12},"end":{"line":55,"column":12}},{"start":{"line":55,"column":12},"end":{"line":55,"column":12}}]},"4":{"line":61,"type":"if","locations":[{"start":{"line":61,"column":12},"end":{"line":61,"column":12}},{"start":{"line":61,"column":12},"end":{"line":61,"column":12}}]}}},"contracts/week-2/NftStaking.sol":{"l":{"16":3,"17":3,"19":3,"23":1,"35":3,"36":3,"40":1,"41":1,"42":1,"49":0,"73":3,"74":3,"83":4,"84":4,"88":2,"92":1,"93":1,"97":1,"98":1,"99":1},"path":"/Users/steveleec/Documents/Rareskills/exercises/contracts/week-2/NftStaking.sol","s":{"1":3,"2":3,"3":3,"4":1,"5":3,"6":3,"7":1,"8":1,"9":1,"10":0,"11":4,"12":2,"13":1,"14":1,"15":1,"16":1},"b":{"1":[1,0],"2":[1,0],"3":[1,1],"4":[1,0],"5":[1,0]},"f":{"1":3,"2":1,"3":3,"4":1,"5":0,"6":3,"7":4,"8":2,"9":1},"fnMap":{"1":{"name":"constructor","line":15,"loc":{"start":{"line":15,"column":4},"end":{"line":20,"column":4}}},"2":{"name":"mint","line":22,"loc":{"start":{"line":22,"column":4},"end":{"line":24,"column":4}}},"3":{"name":"constructor","line":34,"loc":{"start":{"line":34,"column":4},"end":{"line":37,"column":4}}},"4":{"name":"safeMint","line":39,"loc":{"start":{"line":39,"column":4},"end":{"line":43,"column":4}}},"5":{"name":"supportsInterface","line":46,"loc":{"start":{"line":46,"column":4},"end":{"line":50,"column":4}}},"6":{"name":"constructor","line":72,"loc":{"start":{"line":72,"column":4},"end":{"line":75,"column":4}}},"7":{"name":"onERC721Received","line":77,"loc":{"start":{"line":77,"column":4},"end":{"line":85,"column":4}}},"8":{"name":"claimTokens","line":87,"loc":{"start":{"line":87,"column":4},"end":{"line":94,"column":4}}},"9":{"name":"withdrawNft","line":96,"loc":{"start":{"line":96,"column":4},"end":{"line":100,"column":4}}}},"statementMap":{"1":{"start":{"line":16,"column":8},"end":{"line":16,"column":49}},"2":{"start":{"line":17,"column":8},"end":{"line":17,"column":42}},"3":{"start":{"line":19,"column":8},"end":{"line":19,"column":54}},"4":{"start":{"line":23,"column":8},"end":{"line":23,"column":24}},"5":{"start":{"line":35,"column":8},"end":{"line":35,"column":49}},"6":{"start":{"line":36,"column":8},"end":{"line":36,"column":42}},"7":{"start":{"line":40,"column":8},"end":{"line":40,"column":51}},"8":{"start":{"line":41,"column":8},"end":{"line":41,"column":34}},"9":{"start":{"line":42,"column":8},"end":{"line":42,"column":29}},"10":{"start":{"line":49,"column":8},"end":{"line":49,"column":51}},"11":{"start":{"line":84,"column":8},"end":{"line":84,"column":56}},"12":{"start":{"line":88,"column":8},"end":{"line":88,"column":2650}},"13":{"start":{"line":92,"column":8},"end":{"line":92,"column":86}},"14":{"start":{"line":93,"column":8},"end":{"line":93,"column":52}},"15":{"start":{"line":97,"column":8},"end":{"line":97,"column":86}},"16":{"start":{"line":99,"column":8},"end":{"line":99,"column":63}}},"branchMap":{"1":{"line":22,"type":"if","locations":[{"start":{"line":22,"column":53},"end":{"line":22,"column":53}},{"start":{"line":22,"column":53},"end":{"line":22,"column":53}}]},"2":{"line":39,"type":"if","locations":[{"start":{"line":39,"column":41},"end":{"line":39,"column":41}},{"start":{"line":39,"column":41},"end":{"line":39,"column":41}}]},"3":{"line":88,"type":"if","locations":[{"start":{"line":88,"column":8},"end":{"line":88,"column":8}},{"start":{"line":88,"column":8},"end":{"line":88,"column":8}}]},"4":{"line":92,"type":"if","locations":[{"start":{"line":92,"column":8},"end":{"line":92,"column":8}},{"start":{"line":92,"column":8},"end":{"line":92,"column":8}}]},"5":{"line":97,"type":"if","locations":[{"start":{"line":97,"column":8},"end":{"line":97,"column":8}},{"start":{"line":97,"column":8},"end":{"line":97,"column":8}}]}}}}