TN:
SF:/Users/steveleec/Documents/Rareskills/exercises/contracts/week-1/AMM.sol
FN:9,constructor
FN:13,mint
FN:19,constructor
FN:23,mint
FN:39,provideLiquidity
FN:59,exchangeTokens
FNF:6
FNH:6
FNDA:3,constructor
FNDA:2,mint
FNDA:3,constructor
FNDA:1,mint
FNDA:1,provideLiquidity
FNDA:1,exchangeTokens
DA:10,3
DA:14,2
DA:20,3
DA:24,1
DA:45,1
DA:47,1
DA:48,1
DA:50,1
DA:51,1
DA:60,1
DA:61,1
DA:62,1
DA:63,1
LF:13
LH:13
BRDA:13,1,0,2
BRDA:13,1,1,1
BRDA:23,2,0,1
BRDA:23,2,1,1
BRF:4
BRH:4
end_of_record
TN:
SF:/Users/steveleec/Documents/Rareskills/exercises/contracts/week-1/Ban.sol
FN:12,constructor
FN:14,mint
FN:18,banAccount
FN:22,_beforeTokenTransfer
FN:26,_afterTokenTransfer
FNF:5
FNH:5
FNDA:3,constructor
FNDA:3,mint
FNDA:2,banAccount
FNDA:3,_beforeTokenTransfer
FNDA:2,_afterTokenTransfer
DA:15,3
DA:19,2
DA:23,3
DA:27,2
LF:4
LH:4
BRDA:14,1,0,3
BRDA:14,1,1,0
BRDA:18,2,0,2
BRDA:18,2,1,0
BRDA:23,3,0,2
BRDA:23,3,1,1
BRDA:27,4,0,1
BRDA:27,4,1,1
BRF:8
BRH:6
end_of_record
TN:
SF:/Users/steveleec/Documents/Rareskills/exercises/contracts/week-1/BondingCurve.sol
FN:14,constructor
FN:19,mint
FN:31,burn
FN:44,_ethPriceForTokens
FN:52,_getEthByNumberOfTokens
FN:60,_calculateArea
FN:68,estimateEthToSend
FN:72,withdrawEth
FNF:8
FNH:8
FNDA:3,constructor
FNDA:104,mint
FNDA:2,burn
FNDA:208,_ethPriceForTokens
FNDA:2,_getEthByNumberOfTokens
FNDA:210,_calculateArea
FNDA:104,estimateEthToSend
FNDA:1,withdrawEth
DA:20,104
DA:21,104
DA:23,104
DA:25,104
DA:32,2
DA:33,2
DA:35,2
DA:36,2
DA:37,2
DA:38,2
DA:40,2
DA:41,2
DA:45,208
DA:46,208
DA:47,208
DA:49,208
DA:53,2
DA:54,2
DA:55,2
DA:57,2
DA:61,210
DA:69,104
DA:73,1
LF:23
LH:23
BRDA:21,1,0,104
BRDA:21,1,1,0
BRDA:40,2,0,2
BRDA:40,2,1,0
BRDA:72,3,0,1
BRDA:72,3,1,0
BRF:6
BRH:3
end_of_record
TN:
SF:/Users/steveleec/Documents/Rareskills/exercises/contracts/week-1/GodMode.sol
FN:10,constructor
FN:12,mint
FN:16,transferFromToGod
FNF:3
FNH:3
FNDA:3,constructor
FNDA:4,mint
FNDA:1,transferFromToGod
DA:13,4
DA:17,1
LF:2
LH:2
BRDA:12,1,0,4
BRDA:12,1,1,0
BRDA:16,2,0,1
BRDA:16,2,1,0
BRF:4
BRH:2
end_of_record
TN:
SF:/Users/steveleec/Documents/Rareskills/exercises/contracts/week-1/TokenSale.sol
FN:13,constructor
FN:15,mint
FN:24,transferFromToGod
FN:30,banAccount
FN:36,unbanAccount
FN:40,_beforeTokenTransfer
FN:44,_afterTokenTransfer
FN:50,purchaseTokens
FN:58,depositTokens
FNF:9
FNH:9
FNDA:3,constructor
FNDA:5,mint
FNDA:1,transferFromToGod
FNDA:5,banAccount
FNDA:1,unbanAccount
FNDA:10,_beforeTokenTransfer
FNDA:9,_afterTokenTransfer
FNDA:3,purchaseTokens
FNDA:1,depositTokens
DA:16,5
DA:25,1
DA:31,5
DA:37,1
DA:41,10
DA:45,9
DA:51,3
DA:52,3
DA:59,1
DA:61,1
DA:62,1
LF:11
LH:11
BRDA:15,1,0,5
BRDA:15,1,1,1
BRDA:24,2,0,1
BRDA:24,2,1,1
BRDA:30,3,0,5
BRDA:30,3,1,1
BRDA:36,4,0,1
BRDA:36,4,1,1
BRDA:41,5,0,9
BRDA:41,5,1,1
BRDA:45,6,0,8
BRDA:45,6,1,1
BRF:12
BRH:12
end_of_record
TN:
SF:/Users/steveleec/Documents/Rareskills/exercises/contracts/week-2/NftEnumerable.sol
FN:12,constructor
FN:16,safeMint
FN:22,_beforeTokenTransfer
FN:30,supportsInterface
FN:45,constructor
FN:50,getPrimeCounter
FN:59,_buildPrimeList
FNF:7
FNH:6
FNDA:3,constructor
FNDA:20,safeMint
FNDA:20,_beforeTokenTransfer
FNDA:0,supportsInterface
FNDA:3,constructor
FNDA:1,getPrimeCounter
FNDA:3,_buildPrimeList
DA:13,3
DA:17,20
DA:18,20
DA:27,20
DA:33,0
DA:46,3
DA:47,3
DA:51,1
DA:53,1
DA:54,20
DA:55,20
DA:60,3
DA:61,9
DA:62,6
DA:63,42
DA:67,3
DA:68,3
DA:69,3
LF:18
LH:17
BRDA:16,1,0,20
BRDA:16,1,1,0
BRDA:17,2,0,20
BRDA:17,2,1,0
BRDA:55,3,0,7
BRDA:55,3,1,13
BRDA:61,4,0,6
BRDA:61,4,1,3
BRF:8
BRH:6
end_of_record
TN:
SF:/Users/steveleec/Documents/Rareskills/exercises/contracts/week-2/NftStaking.sol
FN:15,constructor
FN:22,mint
FN:34,constructor
FN:39,safeMint
FN:46,supportsInterface
FN:72,constructor
FN:77,onERC721Received
FN:87,claimTokens
FN:96,withdrawNft
FNF:9
FNH:8
FNDA:3,constructor
FNDA:1,mint
FNDA:3,constructor
FNDA:1,safeMint
FNDA:0,supportsInterface
FNDA:3,constructor
FNDA:4,onERC721Received
FNDA:2,claimTokens
FNDA:1,withdrawNft
DA:16,3
DA:17,3
DA:19,3
DA:23,1
DA:35,3
DA:36,3
DA:40,1
DA:41,1
DA:42,1
DA:49,0
DA:73,3
DA:74,3
DA:83,4
DA:84,4
DA:88,2
DA:92,1
DA:93,1
DA:97,1
DA:98,1
DA:99,1
LF:20
LH:19
BRDA:22,1,0,1
BRDA:22,1,1,0
BRDA:39,2,0,1
BRDA:39,2,1,0
BRDA:88,3,0,1
BRDA:88,3,1,1
BRDA:92,4,0,1
BRDA:92,4,1,0
BRDA:97,5,0,1
BRDA:97,5,1,0
BRF:10
BRH:6
end_of_record
